Using pre-set license
Built from '2021.1/staging' branch; Version is '2021.1.18f1 (25bdc3efbc2d) revision 2473411'; Using compiler version '192528614'; Build Type 'Release'
OS: 'Windows 10 Home; OS build 19041.1200; Version 2004; 64bit' Language: 'en' Physical Memory: 16296 MB
BatchMode: 1, IsHumanControllingUs: 0, StartBugReporterOnCrash: 0, Is64bit: 1, IsPro: 0

COMMAND LINE ARGUMENTS:
C:\Program Files\Unity\Hub\Editor\2021.1.18f1\Editor\Unity.exe
-adb2
-batchMode
-noUpm
-name
AssetImportWorker1
-projectPath
C:/Users/Mark/Unity/Legends 2D RPG
-logFile
Logs/AssetImportWorker1.log
-srvPort
57700
Successfully changed project path to: C:/Users/Mark/Unity/Legends 2D RPG
C:/Users/Mark/Unity/Legends 2D RPG
Using Asset Import Pipeline V2.
Refreshing native plugins compatible for Editor in 126.81 ms, found 3 plugins.
Preloading 0 native plugins for Editor in 0.00 ms.
Initialize engine version: 2021.1.18f1 (25bdc3efbc2d)
[Subsystems] Discovering subsystems at path C:/Program Files/Unity/Hub/Editor/2021.1.18f1/Editor/Data/Resources/UnitySubsystems
[Subsystems] Discovering subsystems at path C:/Users/Mark/Unity/Legends 2D RPG/Assets
GfxDevice: creating device client; threaded=0; jobified=0
Direct3D:
    Version:  Direct3D 11.0 [level 11.0]
    Renderer: NVIDIA GeForce GT 755M (ID=0xfcd)
    Vendor:   NVIDIA
    VRAM:     2009 MB
    Driver:   25.21.14.2531
Initialize mono
Mono path[0] = 'C:/Program Files/Unity/Hub/Editor/2021.1.18f1/Editor/Data/Managed'
Mono path[1] = 'C:/Program Files/Unity/Hub/Editor/2021.1.18f1/Editor/Data/MonoBleedingEdge/lib/mono/unityjit'
Mono config path = 'C:/Program Files/Unity/Hub/Editor/2021.1.18f1/Editor/Data/MonoBleedingEdge/etc'
Using monoOptions --debugger-agent=transport=dt_socket,embedding=1,server=y,suspend=n,address=127.0.0.1:56820
Begin MonoManager ReloadAssembly
Registering precompiled unity dll's ...
Register platform support module: C:/Program Files/Unity/Hub/Editor/2021.1.18f1/Editor/Data/PlaybackEngines/WindowsStandaloneSupport/UnityEditor.WindowsStandalone.Extensions.dll
Registered in 0.002620 seconds.
Native extension for WindowsStandalone target not found
Refreshing native plugins compatible for Editor in 129.79 ms, found 3 plugins.
Preloading 0 native plugins for Editor in 0.00 ms.
Mono: successfully reloaded assembly
- Completed reload, in  2.035 seconds
Domain Reload Profiling:
	ReloadAssembly (2035ms)
		BeginReloadAssembly (95ms)
			ExecutionOrderSort (0ms)
			DisableScriptedObjects (0ms)
			BackupInstance (0ms)
			ReleaseScriptingObjects (0ms)
			CreateAndSetChildDomain (2ms)
		EndReloadAssembly (677ms)
			LoadAssemblies (91ms)
			RebuildTransferFunctionScriptingTraits (0ms)
			SetupTypeCache (241ms)
			ReleaseScriptCaches (0ms)
			RebuildScriptCaches (43ms)
			SetupLoadedEditorAssemblies (327ms)
				LogAssemblyErrors (0ms)
				InitializePlatformSupportModulesInManaged (8ms)
				SetLoadedEditorAssemblies (0ms)
				RefreshPlugins (130ms)
				BeforeProcessingInitializeOnLoad (2ms)
				ProcessInitializeOnLoadAttributes (143ms)
				ProcessInitializeOnLoadMethodAttributes (43ms)
				AfterProcessingInitializeOnLoad (0ms)
				EditorAssembliesLoaded (0ms)
			ExecutionOrderSort2 (0ms)
			AwakeInstancesAfterBackupRestoration (0ms)
Platform modules already initialized, skipping
Registering precompiled user dll's ...
Registered in 0.007388 seconds.
Begin MonoManager ReloadAssembly
Native extension for WindowsStandalone target not found
Refreshing native plugins compatible for Editor in 129.46 ms, found 3 plugins.
Preloading 0 native plugins for Editor in 0.00 ms.
Mono: successfully reloaded assembly
- Completed reload, in  2.103 seconds
Domain Reload Profiling:
	ReloadAssembly (2103ms)
		BeginReloadAssembly (270ms)
			ExecutionOrderSort (0ms)
			DisableScriptedObjects (6ms)
			BackupInstance (0ms)
			ReleaseScriptingObjects (0ms)
			CreateAndSetChildDomain (58ms)
		EndReloadAssembly (1746ms)
			LoadAssemblies (154ms)
			RebuildTransferFunctionScriptingTraits (0ms)
			SetupTypeCache (535ms)
			ReleaseScriptCaches (1ms)
			RebuildScriptCaches (89ms)
			SetupLoadedEditorAssemblies (822ms)
				LogAssemblyErrors (0ms)
				InitializePlatformSupportModulesInManaged (7ms)
				SetLoadedEditorAssemblies (0ms)
				RefreshPlugins (130ms)
				BeforeProcessingInitializeOnLoad (119ms)
				ProcessInitializeOnLoadAttributes (531ms)
				ProcessInitializeOnLoadMethodAttributes (26ms)
				AfterProcessingInitializeOnLoad (9ms)
				EditorAssembliesLoaded (0ms)
			ExecutionOrderSort2 (0ms)
			AwakeInstancesAfterBackupRestoration (10ms)
Platform modules already initialized, skipping
========================================================================
Worker process is ready to serve import requests
Launched and connected shader compiler UnityShaderCompiler.exe after 0.10 seconds
Refreshing native plugins compatible for Editor in 1.38 ms, found 3 plugins.
Preloading 0 native plugins for Editor in 0.00 ms.
Unloading 3386 Unused Serialized files (Serialized files now loaded: 0)
System memory in use before: 145.5 MB.
System memory in use after: 145.7 MB.

Unloading 29 unused Assets to reduce memory usage. Loaded Objects now: 3841.
Total: 5.787400 ms (FindLiveObjects: 0.478400 ms CreateObjectMapping: 0.451100 ms MarkObjects: 4.750400 ms  DeleteObjects: 0.105600 ms)

AssetImportParameters requested are different than current active one (requested -> active):
  custom:framework-win-MediaFoundation: 216162199b28c13a410421893ffa2e32 -> 
  custom:video-decoder-ogg-theora: a1e56fd34408186e4bbccfd4996cb3dc -> 
  custom:container-muxer-webm: aa71ff27fc2769a1b78a27578f13a17b -> 
  custom:container-demuxer-webm: 4f35f7cbe854078d1ac9338744f61a02 -> 
  custom:container-demuxer-ogg: 62fdf1f143b41e24485cea50d1cbac27 -> 
  custom:video-encoder-webm-vp8: eb34c28f22e8b96e1ab97ce403110664 -> 
  custom:video-codec-MediaFoundation-h265: 746d11721c4dcdbdad8f713fa42b33f4 -> 
  custom:video-decoder-webm-vp8: 9c59270c3fd7afecdb556c50c9e8de78 -> 
  custom:audio-decoder-ogg-vorbis: bf7c407c2cedff20999df2af8eb42d56 -> 
  custom:audio-encoder-webm-vorbis: bf7c407c2cedff20999df2af8eb42d56 -> 
========================================================================
Received Import Request.
  path: Assets/Free_Pack/BURLY-MAN_1_swordsman/BURLY-MAN_1_swordsman.prefab
  artifactKey: Guid(e401b93f8d618fb43b67f19b68229e3c) Importer(815301076,1909f56bfc062723c751e8b465ee728b)
Start importing Assets/Free_Pack/BURLY-MAN_1_swordsman/BURLY-MAN_1_swordsman.prefab using Guid(e401b93f8d618fb43b67f19b68229e3c) Importer(815301076,1909f56bfc062723c751e8b465ee728b)  -> (artifact id: '6963390da33619f8da9830a4c9535a79') in 0.183422 seconds 
========================================================================
Received Import Request.
  Time since last request: 0.000295 seconds.
  path: Assets/Free_Pack/BURLY-MAN_1_swordsman/Canvas.prefab
  artifactKey: Guid(eab3d48185eaa97409076ceb28c0044e) Importer(815301076,1909f56bfc062723c751e8b465ee728b)
Start importing Assets/Free_Pack/BURLY-MAN_1_swordsman/Canvas.prefab using Guid(eab3d48185eaa97409076ceb28c0044e) Importer(815301076,1909f56bfc062723c751e8b465ee728b)  -> (artifact id: 'b386e791c06f1bcd5e32068efb794ed3') in 0.046091 seconds 
========================================================================
Received Import Request.
  Time since last request: 0.000363 seconds.
  path: Assets/Free_Pack/BURLY-MAN_1_swordsman/Completed_IMG.png
  artifactKey: Guid(f782ada428eba8b40a92286f440060c8) Importer(815301076,1909f56bfc062723c751e8b465ee728b)
Start importing Assets/Free_Pack/BURLY-MAN_1_swordsman/Completed_IMG.png using Guid(f782ada428eba8b40a92286f440060c8) Importer(815301076,1909f56bfc062723c751e8b465ee728b)  -> (artifact id: '8bb9e4301de6f0ad23f61206de28bd83') in 0.687356 seconds 
========================================================================
Received Import Request.
  Time since last request: 9.722850 seconds.
  path: Assets/Free_Pack/BURLY-MAN_1_swordsman/blackhammer_guidebook(1).pdf
  artifactKey: Guid(8b4fefbd50db8554b86f9fb8615866e5) Importer(815301076,1909f56bfc062723c751e8b465ee728b)
Start importing Assets/Free_Pack/BURLY-MAN_1_swordsman/blackhammer_guidebook(1).pdf using Guid(8b4fefbd50db8554b86f9fb8615866e5) Importer(815301076,1909f56bfc062723c751e8b465ee728b)  -> (artifact id: '73fe19480a010c5582369747aa4e6fbf') in 0.024386 seconds 
========================================================================
Received Import Request.
  Time since last request: 7.123048 seconds.
  path: Assets/Free_Pack/BURLY-MAN_1_swordsman/BURLY-MAN 1.png
  artifactKey: Guid(46098d23007c94e40a4c814b91d41838) Importer(815301076,1909f56bfc062723c751e8b465ee728b)
Start importing Assets/Free_Pack/BURLY-MAN_1_swordsman/BURLY-MAN 1.png using Guid(46098d23007c94e40a4c814b91d41838) Importer(815301076,1909f56bfc062723c751e8b465ee728b)  -> (artifact id: '638b2de00bbe35b987b8a1533ee148f0') in 0.042892 seconds 
========================================================================
Received Import Request.
  Time since last request: 7.294337 seconds.
  path: Assets/Free_Pack/BURLY-MAN_1_swordsman/Animation
  artifactKey: Guid(d7de96b6ba0a2f84da4b7974b1277413) Importer(815301076,1909f56bfc062723c751e8b465ee728b)
Start importing Assets/Free_Pack/BURLY-MAN_1_swordsman/Animation using Guid(d7de96b6ba0a2f84da4b7974b1277413) Importer(815301076,1909f56bfc062723c751e8b465ee728b)  -> (artifact id: 'ca1304ecc9b6d581adae4ed8856d5b35') in 0.017250 seconds 
========================================================================
Received Import Request.
  Time since last request: 1.524087 seconds.
  path: Assets/Free_Pack/BURLY-MAN_1_swordsman/[ size down to 50% ]
  artifactKey: Guid(b089f269cae5d694c8df1c354918e1f3) Importer(815301076,1909f56bfc062723c751e8b465ee728b)
Start importing Assets/Free_Pack/BURLY-MAN_1_swordsman/[ size down to 50% ] using Guid(b089f269cae5d694c8df1c354918e1f3) Importer(815301076,1909f56bfc062723c751e8b465ee728b)  -> (artifact id: '6489608d0b7bdea5e70f447ed01048c4') in 0.020247 seconds 
========================================================================
Received Import Request.
  Time since last request: 370.072004 seconds.
  path: ProjectSettings/TagManager.asset
  artifactKey: Guid(00000000000000003000000000000000) Importer(815301076,1909f56bfc062723c751e8b465ee728b)
Start importing ProjectSettings/TagManager.asset using Guid(00000000000000003000000000000000) Importer(815301076,1909f56bfc062723c751e8b465ee728b)  -> (artifact id: '079248594b92464b2f9b8ec083fedd7b') in 0.029733 seconds 
========================================================================
Received Prepare
Registering precompiled user dll's ...
Registered in 0.006927 seconds.
Begin MonoManager ReloadAssembly
Native extension for WindowsStandalone target not found
Refreshing native plugins compatible for Editor in 1.34 ms, found 3 plugins.
Preloading 0 native plugins for Editor in 0.00 ms.
Mono: successfully reloaded assembly
- Completed reload, in  2.023 seconds
Domain Reload Profiling:
	ReloadAssembly (2023ms)
		BeginReloadAssembly (218ms)
			ExecutionOrderSort (0ms)
			DisableScriptedObjects (11ms)
			BackupInstance (0ms)
			ReleaseScriptingObjects (0ms)
			CreateAndSetChildDomain (67ms)
		EndReloadAssembly (1699ms)
			LoadAssemblies (185ms)
			RebuildTransferFunctionScriptingTraits (0ms)
			SetupTypeCache (574ms)
			ReleaseScriptCaches (2ms)
			RebuildScriptCaches (76ms)
			SetupLoadedEditorAssemblies (728ms)
				LogAssemblyErrors (0ms)
				InitializePlatformSupportModulesInManaged (7ms)
				SetLoadedEditorAssemblies (1ms)
				RefreshPlugins (1ms)
				BeforeProcessingInitializeOnLoad (113ms)
				ProcessInitializeOnLoadAttributes (582ms)
				ProcessInitializeOnLoadMethodAttributes (14ms)
				AfterProcessingInitializeOnLoad (9ms)
				EditorAssembliesLoaded (0ms)
			ExecutionOrderSort2 (0ms)
			AwakeInstancesAfterBackupRestoration (20ms)
Platform modules already initialized, skipping
Refreshing native plugins compatible for Editor in 1.38 ms, found 3 plugins.
Preloading 0 native plugins for Editor in 0.00 ms.
Unloading 3321 Unused Serialized files (Serialized files now loaded: 0)
System memory in use before: 146.5 MB.
System memory in use after: 146.7 MB.

Unloading 19 unused Assets to reduce memory usage. Loaded Objects now: 3886.
Total: 5.826800 ms (FindLiveObjects: 0.382500 ms CreateObjectMapping: 0.205200 ms MarkObjects: 5.200000 ms  DeleteObjects: 0.037000 ms)

AssetImportParameters requested are different than current active one (requested -> active):
  custom:framework-win-MediaFoundation: 216162199b28c13a410421893ffa2e32 -> 
  custom:video-decoder-ogg-theora: a1e56fd34408186e4bbccfd4996cb3dc -> 
  custom:container-muxer-webm: aa71ff27fc2769a1b78a27578f13a17b -> 
  custom:container-demuxer-webm: 4f35f7cbe854078d1ac9338744f61a02 -> 
  custom:container-demuxer-ogg: 62fdf1f143b41e24485cea50d1cbac27 -> 
  custom:video-encoder-webm-vp8: eb34c28f22e8b96e1ab97ce403110664 -> 
  custom:video-codec-MediaFoundation-h265: 746d11721c4dcdbdad8f713fa42b33f4 -> 
  custom:video-decoder-webm-vp8: 9c59270c3fd7afecdb556c50c9e8de78 -> 
  custom:audio-decoder-ogg-vorbis: bf7c407c2cedff20999df2af8eb42d56 -> 
  custom:audio-encoder-webm-vorbis: bf7c407c2cedff20999df2af8eb42d56 -> 
========================================================================
Received Import Request.
  Time since last request: 200.259962 seconds.
  path: Assets/Fantasy Wooden GUI  Free/Scene
  artifactKey: Guid(1d4ddc8cb3190b749bc2878cae95700e) Importer(815301076,1909f56bfc062723c751e8b465ee728b)
Start importing Assets/Fantasy Wooden GUI  Free/Scene using Guid(1d4ddc8cb3190b749bc2878cae95700e) Importer(815301076,1909f56bfc062723c751e8b465ee728b)  -> (artifact id: 'f820650b6151a838eab2ed83bed77cd0') in 0.034035 seconds 
========================================================================
Received Import Request.
  Time since last request: 12.074800 seconds.
  path: Assets/Scenes/Demo.unity
  artifactKey: Guid(a5a06ca349139534f8cc1094d2fc7747) Importer(815301076,1909f56bfc062723c751e8b465ee728b)
Start importing Assets/Scenes/Demo.unity using Guid(a5a06ca349139534f8cc1094d2fc7747) Importer(815301076,1909f56bfc062723c751e8b465ee728b)  -> (artifact id: 'a4072db59d8030b7f484c4cb3b1e36b9') in 0.036803 seconds 
========================================================================
Received Prepare
Registering precompiled user dll's ...
Registered in 0.007776 seconds.
Begin MonoManager ReloadAssembly
Native extension for WindowsStandalone target not found
Refreshing native plugins compatible for Editor in 1.56 ms, found 3 plugins.
Preloading 0 native plugins for Editor in 0.00 ms.
Mono: successfully reloaded assembly
- Completed reload, in  1.791 seconds
Domain Reload Profiling:
	ReloadAssembly (1791ms)
		BeginReloadAssembly (197ms)
			ExecutionOrderSort (0ms)
			DisableScriptedObjects (12ms)
			BackupInstance (0ms)
			ReleaseScriptingObjects (0ms)
			CreateAndSetChildDomain (64ms)
		EndReloadAssembly (1496ms)
			LoadAssemblies (164ms)
			RebuildTransferFunctionScriptingTraits (0ms)
			SetupTypeCache (485ms)
			ReleaseScriptCaches (2ms)
			RebuildScriptCaches (68ms)
			SetupLoadedEditorAssemblies (622ms)
				LogAssemblyErrors (0ms)
				InitializePlatformSupportModulesInManaged (30ms)
				SetLoadedEditorAssemblies (1ms)
				RefreshPlugins (2ms)
				BeforeProcessingInitializeOnLoad (104ms)
				ProcessInitializeOnLoadAttributes (460ms)
				ProcessInitializeOnLoadMethodAttributes (15ms)
				AfterProcessingInitializeOnLoad (10ms)
				EditorAssembliesLoaded (0ms)
			ExecutionOrderSort2 (0ms)
			AwakeInstancesAfterBackupRestoration (22ms)
Platform modules already initialized, skipping
Refreshing native plugins compatible for Editor in 2.02 ms, found 3 plugins.
Preloading 0 native plugins for Editor in 0.00 ms.
Unloading 3319 Unused Serialized files (Serialized files now loaded: 0)
System memory in use before: 146.5 MB.
System memory in use after: 146.7 MB.

Unloading 17 unused Assets to reduce memory usage. Loaded Objects now: 3889.
Total: 5.845700 ms (FindLiveObjects: 0.479500 ms CreateObjectMapping: 0.393800 ms MarkObjects: 4.940400 ms  DeleteObjects: 0.029800 ms)

AssetImportParameters requested are different than current active one (requested -> active):
  custom:framework-win-MediaFoundation: 216162199b28c13a410421893ffa2e32 -> 
  custom:video-decoder-ogg-theora: a1e56fd34408186e4bbccfd4996cb3dc -> 
  custom:container-muxer-webm: aa71ff27fc2769a1b78a27578f13a17b -> 
  custom:container-demuxer-webm: 4f35f7cbe854078d1ac9338744f61a02 -> 
  custom:container-demuxer-ogg: 62fdf1f143b41e24485cea50d1cbac27 -> 
  custom:video-encoder-webm-vp8: eb34c28f22e8b96e1ab97ce403110664 -> 
  custom:video-codec-MediaFoundation-h265: 746d11721c4dcdbdad8f713fa42b33f4 -> 
  custom:video-decoder-webm-vp8: 9c59270c3fd7afecdb556c50c9e8de78 -> 
  custom:audio-decoder-ogg-vorbis: bf7c407c2cedff20999df2af8eb42d56 -> 
  custom:audio-encoder-webm-vorbis: bf7c407c2cedff20999df2af8eb42d56 -> 
AssetImportWorkerClient::OnTransportError - code=2 error=End of file
