
=== Sun Aug 29 20:57:27 2021

Packages were changed.
Update Mode: mergeDefaultDependencies

The following packages were added:
  com.unity.collab-proxy@1.5.7
  com.unity.ide.rider@2.0.7
  com.unity.ide.visualstudio@2.0.9
  com.unity.ide.vscode@1.2.3
  com.unity.modules.ai@1.0.0
  com.unity.modules.androidjni@1.0.0
  com.unity.modules.animation@1.0.0
  com.unity.modules.assetbundle@1.0.0
  com.unity.modules.audio@1.0.0
  com.unity.modules.cloth@1.0.0
  com.unity.modules.director@1.0.0
  com.unity.modules.imageconversion@1.0.0
  com.unity.modules.imgui@1.0.0
  com.unity.modules.jsonserialize@1.0.0
  com.unity.modules.particlesystem@1.0.0
  com.unity.modules.physics@1.0.0
  com.unity.modules.physics2d@1.0.0
  com.unity.modules.screencapture@1.0.0
  com.unity.modules.terrain@1.0.0
  com.unity.modules.terrainphysics@1.0.0
  com.unity.modules.tilemap@1.0.0
  com.unity.modules.ui@1.0.0
  com.unity.modules.uielements@1.0.0
  com.unity.modules.umbra@1.0.0
  com.unity.modules.unityanalytics@1.0.0
  com.unity.modules.unitywebrequest@1.0.0
  com.unity.modules.unitywebrequestassetbundle@1.0.0
  com.unity.modules.unitywebrequestaudio@1.0.0
  com.unity.modules.unitywebrequesttexture@1.0.0
  com.unity.modules.unitywebrequestwww@1.0.0
  com.unity.modules.vehicles@1.0.0
  com.unity.modules.video@1.0.0
  com.unity.modules.vr@1.0.0
  com.unity.modules.wind@1.0.0
  com.unity.modules.xr@1.0.0
  com.unity.test-framework@1.1.27
  com.unity.textmeshpro@3.0.6
  com.unity.timeline@1.4.8
  com.unity.ugui@1.0.0
The following packages were updated:
  com.unity.2d.animation from version 5.0.1 to 5.0.6
  com.unity.2d.psdimporter from version 4.0.1 to 4.1.0
  com.unity.2d.spriteshape from version 5.0.1 to 5.1.3

=== Tue Aug 31 12:07:24 2021

Packages were changed.
Update Mode: updateDependencies

The following packages were updated:
  com.unity.2d.animation from version 5.0.7 to 6.0.5
  com.unity.2d.pixel-perfect from version 4.0.1 to 5.0.1
  com.unity.2d.psdimporter from version 4.1.0 to 5.0.4
  com.unity.2d.spriteshape from version 5.1.4 to 6.0.1
  com.unity.collab-proxy from version 1.5.7 to 1.7.1
  com.unity.ide.rider from version 2.0.7 to 3.0.7
  com.unity.timeline from version 1.4.8 to 1.5.6

=== Sat Sep 25 20:23:46 2021

Packages were changed.
Update Mode: updateDependencies

The following packages were updated:
  com.unity.collab-proxy from version 1.7.1 to 1.9.0

=== Fri Jan 21 19:07:10 2022

Packages were changed.
Update Mode: updateDependencies

The following packages were updated:
  com.unity.2d.animation from version 5.0.10 to 6.0.5
  com.unity.render-pipelines.universal from version 10.8.1 to 11.0.0

=== Fri Apr 15 20:58:12 2022

Packages were changed.
Update Mode: updateDependencies

The following packages were updated:
  com.unity.2d.animation from version 6.0.7 to 7.0.4
  com.unity.2d.spriteshape from version 6.0.2 to 7.0.4
  com.unity.cinemachine from version 2.7.9 to 2.8.4
  com.unity.collab-proxy from version 1.9.0 to 1.15.15
  com.unity.render-pipelines.core from version 11.0.0 to 12.1.6
  com.unity.render-pipelines.universal from version 11.0.0 to 12.1.6
  com.unity.timeline from version 1.5.7 to 1.6.4

=== Wed Jul 20 18:08:10 2022

Packages were changed.
Update Mode: updateDependencies

The following packages were updated:
  com.unity.2d.animation from version 7.0.4 to 7.0.6
  com.unity.cinemachine from version 2.8.4 to 2.8.6
  com.unity.collab-proxy from version 1.15.15 to 1.15.18
  com.unity.ide.visualstudio from version 2.0.14 to 2.0.16
  com.unity.render-pipelines.core from version 12.1.6 to 12.1.7
  com.unity.render-pipelines.universal from version 12.1.6 to 12.1.7
